<?xml version="1.0" encoding="UTF-8"?>
<!-- Generated by org.testng.reporters.JUnitReportReporter -->
<testsuite hostname="Dell-PC" failures="0" tests="1" name="TestCases.TestCasesPilot" time="0.019" errors="0" timestamp="2021-12-12T23:35:31 IST" skipped="0">
  <testcase classname="TestCases.TestCasesPilot" name="bookingAflightAndGettingConfirmationId" time="0.019"/>
  <system-out/>
</testsuite> <!-- TestCases.TestCasesPilot -->
