<?xml version="1.0" encoding="UTF-8"?>
<!-- Generated by org.testng.reporters.JUnitReportReporter -->
<testsuite hostname="Dell-PC" failures="0" tests="1" name="apiTestCases.WeatherAPI" time="5.338" errors="0" timestamp="2021-12-13T22:37:03 IST" skipped="0">
  <testcase classname="apiTestCases.WeatherAPI" name="getWeatherByUSACityname" time="5.338"/>
  <system-out/>
</testsuite> <!-- apiTestCases.WeatherAPI -->
